{"E:\\projects\\mindbox\\todo_test_mindbox\\src\\assets\\pages\\TodoPage\\Todo.tsx": {"path":"E:\\projects\\mindbox\\todo_test_mindbox\\src\\assets\\pages\\TodoPage\\Todo.tsx","statementMap":{"0":{"start":{"line":10,"column":13},"end":{"line":61,"column":1}},"1":{"start":{"line":12,"column":38},"end":{"line":12,"column":50}},"2":{"start":{"line":14,"column":32},"end":{"line":14,"column":42}},"3":{"start":{"line":16,"column":38},"end":{"line":16,"column":49}},"4":{"start":{"line":18,"column":46},"end":{"line":18,"column":76}},"5":{"start":{"line":20,"column":27},"end":{"line":23,"column":5}},"6":{"start":{"line":21,"column":8},"end":{"line":21,"column":27}},"7":{"start":{"line":22,"column":8},"end":{"line":22,"column":25}},"8":{"start":{"line":25,"column":4},"end":{"line":34,"column":29}},"9":{"start":{"line":26,"column":8},"end":{"line":33,"column":9}},"10":{"start":{"line":28,"column":16},"end":{"line":28,"column":78}},"11":{"start":{"line":28,"column":64},"end":{"line":28,"column":76}},"12":{"start":{"line":30,"column":16},"end":{"line":30,"column":79}},"13":{"start":{"line":30,"column":64},"end":{"line":30,"column":77}},"14":{"start":{"line":32,"column":16},"end":{"line":32,"column":43}},"15":{"start":{"line":36,"column":4},"end":{"line":60,"column":6}},"16":{"start":{"line":49,"column":196},"end":{"line":49,"column":212}},"17":{"start":{"line":53,"column":20},"end":{"line":53,"column":48}}},"fnMap":{"0":{"name":"(anonymous_0)","decl":{"start":{"line":10,"column":13},"end":{"line":10,"column":14}},"loc":{"start":{"line":10,"column":19},"end":{"line":61,"column":1}},"line":10},"1":{"name":"(anonymous_1)","decl":{"start":{"line":20,"column":27},"end":{"line":20,"column":28}},"loc":{"start":{"line":20,"column":33},"end":{"line":23,"column":5}},"line":20},"2":{"name":"(anonymous_2)","decl":{"start":{"line":25,"column":14},"end":{"line":25,"column":15}},"loc":{"start":{"line":25,"column":20},"end":{"line":34,"column":5}},"line":25},"3":{"name":"(anonymous_3)","decl":{"start":{"line":28,"column":56},"end":{"line":28,"column":57}},"loc":{"start":{"line":28,"column":64},"end":{"line":28,"column":76}},"line":28},"4":{"name":"(anonymous_4)","decl":{"start":{"line":30,"column":56},"end":{"line":30,"column":57}},"loc":{"start":{"line":30,"column":64},"end":{"line":30,"column":77}},"line":30},"5":{"name":"(anonymous_5)","decl":{"start":{"line":49,"column":190},"end":{"line":49,"column":191}},"loc":{"start":{"line":49,"column":196},"end":{"line":49,"column":212}},"line":49},"6":{"name":"(anonymous_6)","decl":{"start":{"line":52,"column":57},"end":{"line":52,"column":58}},"loc":{"start":{"line":52,"column":64},"end":{"line":54,"column":17}},"line":52}},"branchMap":{"0":{"loc":{"start":{"line":26,"column":8},"end":{"line":33,"column":9}},"type":"switch","locations":[{"start":{"line":27,"column":12},"end":{"line":28,"column":78}},{"start":{"line":29,"column":12},"end":{"line":30,"column":79}},{"start":{"line":31,"column":12},"end":{"line":32,"column":43}}],"line":26}},"s":{"0":1,"1":3,"2":2,"3":2,"4":2,"5":2,"6":0,"7":0,"8":2,"9":0,"10":0,"11":0,"12":0,"13":0,"14":0,"15":2,"16":0,"17":0},"f":{"0":3,"1":0,"2":0,"3":0,"4":0,"5":0,"6":0},"b":{"0":[0,0,0]},"_coverageSchema":"1a1c01bbd47fc00a2c39e90264f33305004495a9","hash":"eb5fd1c96d57696d8b525159f58d6a5694199c0d"}
,"E:\\projects\\mindbox\\todo_test_mindbox\\src\\assets\\pages\\TodoPage\\TodoBottom.tsx": {"path":"E:\\projects\\mindbox\\todo_test_mindbox\\src\\assets\\pages\\TodoPage\\TodoBottom.tsx","statementMap":{"0":{"start":{"line":9,"column":19},"end":{"line":34,"column":1}},"1":{"start":{"line":11,"column":44},"end":{"line":11,"column":54}},"2":{"start":{"line":13,"column":44},"end":{"line":13,"column":55}},"3":{"start":{"line":15,"column":4},"end":{"line":19,"column":18}},"4":{"start":{"line":16,"column":21},"end":{"line":16,"column":22}},"5":{"start":{"line":17,"column":8},"end":{"line":17,"column":59}},"6":{"start":{"line":17,"column":33},"end":{"line":17,"column":58}},"7":{"start":{"line":18,"column":8},"end":{"line":18,"column":32}},"8":{"start":{"line":21,"column":4},"end":{"line":33,"column":6}},"9":{"start":{"line":24,"column":39},"end":{"line":24,"column":58}},"10":{"start":{"line":31,"column":48},"end":{"line":31,"column":69}}},"fnMap":{"0":{"name":"(anonymous_0)","decl":{"start":{"line":9,"column":19},"end":{"line":9,"column":20}},"loc":{"start":{"line":9,"column":56},"end":{"line":34,"column":1}},"line":9},"1":{"name":"(anonymous_1)","decl":{"start":{"line":15,"column":14},"end":{"line":15,"column":15}},"loc":{"start":{"line":15,"column":20},"end":{"line":19,"column":5}},"line":15},"2":{"name":"(anonymous_2)","decl":{"start":{"line":17,"column":25},"end":{"line":17,"column":26}},"loc":{"start":{"line":17,"column":33},"end":{"line":17,"column":58}},"line":17},"3":{"name":"(anonymous_3)","decl":{"start":{"line":24,"column":28},"end":{"line":24,"column":29}},"loc":{"start":{"line":24,"column":39},"end":{"line":24,"column":58}},"line":24},"4":{"name":"(anonymous_4)","decl":{"start":{"line":31,"column":42},"end":{"line":31,"column":43}},"loc":{"start":{"line":31,"column":48},"end":{"line":31,"column":69}},"line":31}},"branchMap":{"0":{"loc":{"start":{"line":17,"column":33},"end":{"line":17,"column":58}},"type":"binary-expr","locations":[{"start":{"line":17,"column":33},"end":{"line":17,"column":46}},{"start":{"line":17,"column":50},"end":{"line":17,"column":58}}],"line":17}},"s":{"0":1,"1":4,"2":4,"3":4,"4":0,"5":0,"6":0,"7":0,"8":4,"9":0,"10":0},"f":{"0":4,"1":0,"2":0,"3":0,"4":0},"b":{"0":[0,0]},"_coverageSchema":"1a1c01bbd47fc00a2c39e90264f33305004495a9","hash":"d3bb576a788971e16516dafdf4ed1b87a2294aa0"}
,"E:\\projects\\mindbox\\todo_test_mindbox\\src\\assets\\pages\\TodoPage\\TodoElement.tsx": {"path":"E:\\projects\\mindbox\\todo_test_mindbox\\src\\assets\\pages\\TodoPage\\TodoElement.tsx","statementMap":{"0":{"start":{"line":9,"column":29},"end":{"line":17,"column":1}},"1":{"start":{"line":19,"column":20},"end":{"line":27,"column":1}},"2":{"start":{"line":20,"column":24},"end":{"line":20,"column":34}},"3":{"start":{"line":21,"column":4},"end":{"line":26,"column":6}},"4":{"start":{"line":23,"column":57},"end":{"line":23,"column":75}}},"fnMap":{"0":{"name":"(anonymous_0)","decl":{"start":{"line":19,"column":20},"end":{"line":19,"column":21}},"loc":{"start":{"line":19,"column":50},"end":{"line":27,"column":1}},"line":19},"1":{"name":"(anonymous_1)","decl":{"start":{"line":23,"column":51},"end":{"line":23,"column":52}},"loc":{"start":{"line":23,"column":57},"end":{"line":23,"column":75}},"line":23}},"branchMap":{},"s":{"0":1,"1":1,"2":0,"3":0,"4":0},"f":{"0":0,"1":0},"b":{},"_coverageSchema":"1a1c01bbd47fc00a2c39e90264f33305004495a9","hash":"919617758a3b6d8bdff5e7bbe351fe6fb85a14f4"}
,"E:\\projects\\mindbox\\todo_test_mindbox\\src\\assets\\pages\\TodoPage\\TodoList.tsx": {"path":"E:\\projects\\mindbox\\todo_test_mindbox\\src\\assets\\pages\\TodoPage\\TodoList.tsx","statementMap":{"0":{"start":{"line":9,"column":17},"end":{"line":17,"column":1}},"1":{"start":{"line":11,"column":4},"end":{"line":16,"column":6}},"2":{"start":{"line":13,"column":34},"end":{"line":13,"column":106}}},"fnMap":{"0":{"name":"(anonymous_0)","decl":{"start":{"line":9,"column":17},"end":{"line":9,"column":18}},"loc":{"start":{"line":9,"column":48},"end":{"line":17,"column":1}},"line":9},"1":{"name":"(anonymous_1)","decl":{"start":{"line":13,"column":26},"end":{"line":13,"column":27}},"loc":{"start":{"line":13,"column":34},"end":{"line":13,"column":106}},"line":13}},"branchMap":{},"s":{"0":1,"1":4,"2":0},"f":{"0":4,"1":0},"b":{},"_coverageSchema":"1a1c01bbd47fc00a2c39e90264f33305004495a9","hash":"2785063500c6f05a9d107b55d1be07dfd995b793"}
}
