TN:
SF:src\assets\pages\TodoPage\Todo.tsx
FN:10,(anonymous_0)
FN:20,(anonymous_1)
FN:25,(anonymous_2)
FN:28,(anonymous_3)
FN:30,(anonymous_4)
FN:49,(anonymous_5)
FN:52,(anonymous_6)
FNF:7
FNH:1
FNDA:3,(anonymous_0)
FNDA:0,(anonymous_1)
FNDA:0,(anonymous_2)
FNDA:0,(anonymous_3)
FNDA:0,(anonymous_4)
FNDA:0,(anonymous_5)
FNDA:0,(anonymous_6)
DA:10,1
DA:12,3
DA:14,2
DA:16,2
DA:18,2
DA:20,2
DA:21,0
DA:22,0
DA:25,2
DA:26,0
DA:28,0
DA:30,0
DA:32,0
DA:36,2
DA:49,0
DA:53,0
LF:16
LH:8
BRDA:26,0,0,0
BRDA:26,0,1,0
BRDA:26,0,2,0
BRF:3
BRH:0
end_of_record
TN:
SF:src\assets\pages\TodoPage\TodoBottom.tsx
FN:9,(anonymous_0)
FN:15,(anonymous_1)
FN:17,(anonymous_2)
FN:24,(anonymous_3)
FN:31,(anonymous_4)
FNF:5
FNH:1
FNDA:4,(anonymous_0)
FNDA:0,(anonymous_1)
FNDA:0,(anonymous_2)
FNDA:0,(anonymous_3)
FNDA:0,(anonymous_4)
DA:9,1
DA:11,4
DA:13,4
DA:15,4
DA:16,0
DA:17,0
DA:18,0
DA:21,4
DA:24,0
DA:31,0
LF:10
LH:5
BRDA:17,0,0,0
BRDA:17,0,1,0
BRF:2
BRH:0
end_of_record
TN:
SF:src\assets\pages\TodoPage\TodoElement.tsx
FN:19,(anonymous_0)
FN:23,(anonymous_1)
FNF:2
FNH:0
FNDA:0,(anonymous_0)
FNDA:0,(anonymous_1)
DA:9,1
DA:19,1
DA:20,0
DA:21,0
DA:23,0
LF:5
LH:2
BRF:0
BRH:0
end_of_record
TN:
SF:src\assets\pages\TodoPage\TodoList.tsx
FN:9,(anonymous_0)
FN:13,(anonymous_1)
FNF:2
FNH:1
FNDA:4,(anonymous_0)
FNDA:0,(anonymous_1)
DA:9,1
DA:11,4
DA:13,0
LF:3
LH:2
BRF:0
BRH:0
end_of_record
